2025-11-30T09:16:50.140+09:00  INFO 10164 --- [auth] [restartedMain] com.example.auth.AuthApplication         : Starting AuthApplication using Java 17.0.16 with PID 10164 (C:\Users\User\Documents\backend\auth\build\classes\java\main started by User in C:\Users\User\Documents\backend\auth)
2025-11-30T09:16:50.144+09:00 DEBUG 10164 --- [auth] [restartedMain] com.example.auth.AuthApplication         : Running with Spring Boot v4.0.0, Spring v7.0.1
2025-11-30T09:16:50.144+09:00  INFO 10164 --- [auth] [restartedMain] com.example.auth.AuthApplication         : No active profile set, falling back to 1 default profile: "default"
2025-11-30T09:16:50.178+09:00  INFO 10164 --- [auth] [restartedMain] .e.DevToolsPropertyDefaultsPostProcessor : Devtools property defaults active! Set 'spring.devtools.add-properties' to 'false' to disable
2025-11-30T09:16:50.179+09:00  INFO 10164 --- [auth] [restartedMain] .e.DevToolsPropertyDefaultsPostProcessor : For additional web related logging consider setting the 'logging.level.web' property to 'DEBUG'
2025-11-30T09:16:50.640+09:00  INFO 10164 --- [auth] [restartedMain] .s.d.r.c.RepositoryConfigurationDelegate : Bootstrapping Spring Data JPA repositories in DEFAULT mode.
2025-11-30T09:16:50.681+09:00  INFO 10164 --- [auth] [restartedMain] .s.d.r.c.RepositoryConfigurationDelegate : Finished Spring Data repository scanning in 33 ms. Found 2 JPA repository interfaces.
2025-11-30T09:16:51.110+09:00  INFO 10164 --- [auth] [restartedMain] o.s.boot.tomcat.TomcatWebServer          : Tomcat initialized with port 8070 (http)
2025-11-30T09:16:51.123+09:00  INFO 10164 --- [auth] [restartedMain] o.apache.catalina.core.StandardService   : Starting service [Tomcat]
2025-11-30T09:16:51.124+09:00  INFO 10164 --- [auth] [restartedMain] o.apache.catalina.core.StandardEngine    : Starting Servlet engine: [Apache Tomcat/11.0.14]
2025-11-30T09:16:51.160+09:00  INFO 10164 --- [auth] [restartedMain] b.w.c.s.WebApplicationContextInitializer : Root WebApplicationContext: initialization completed in 981 ms
2025-11-30T09:16:51.277+09:00  INFO 10164 --- [auth] [restartedMain] o.hibernate.jpa.internal.util.LogHelper  : HHH000204: Processing PersistenceUnitInfo [name: default]
2025-11-30T09:16:51.335+09:00  INFO 10164 --- [auth] [restartedMain] org.hibernate.Version                    : HHH000412: Hibernate ORM core version 7.1.8.Final
2025-11-30T09:16:51.707+09:00  INFO 10164 --- [auth] [restartedMain] o.s.o.j.p.SpringPersistenceUnitInfo      : No LoadTimeWeaver setup: ignoring JPA class transformer
2025-11-30T09:16:51.735+09:00  INFO 10164 --- [auth] [restartedMain] com.zaxxer.hikari.HikariDataSource       : HikariPool-1 - Starting...
2025-11-30T09:16:51.837+09:00  INFO 10164 --- [auth] [restartedMain] com.zaxxer.hikari.pool.HikariPool        : HikariPool-1 - Added connection com.mysql.cj.jdbc.ConnectionImpl@199a3bc4
2025-11-30T09:16:51.837+09:00  INFO 10164 --- [auth] [restartedMain] com.zaxxer.hikari.HikariDataSource       : HikariPool-1 - Start completed.
2025-11-30T09:16:51.871+09:00  WARN 10164 --- [auth] [restartedMain] org.hibernate.orm.deprecation            : HHH90000025: MySQLDialect does not need to be specified explicitly using 'hibernate.dialect' (remove the property setting and it will be selected by default)
2025-11-30T09:16:51.880+09:00  INFO 10164 --- [auth] [restartedMain] org.hibernate.orm.connections.pooling    : HHH10001005: Database info:
	Database JDBC URL [jdbc:mysql://localhost:3306/hongjh?useSSL=false&serverTimezone=Asia/Seoul&allowPublicKeyRetrieval=true]
	Database driver: MySQL Connector/J
	Database dialect: MySQLDialect
	Database version: 8.0.43
	Default catalog/schema: hongjh/undefined
	Autocommit mode: undefined/unknown
	Isolation level: REPEATABLE_READ [default REPEATABLE_READ]
	JDBC fetch size: none
	Pool: DatasourceConnectionProviderImpl
	Minimum pool size: undefined/unknown
	Maximum pool size: undefined/unknown
2025-11-30T09:16:52.491+09:00  INFO 10164 --- [auth] [restartedMain] o.h.e.t.j.p.i.JtaPlatformInitiator       : HHH000489: No JTA platform available (set 'hibernate.transaction.jta.platform' to enable JTA platform integration)
2025-11-30T09:16:52.496+09:00  INFO 10164 --- [auth] [restartedMain] j.LocalContainerEntityManagerFactoryBean : Initialized JPA EntityManagerFactory for persistence unit 'default'
2025-11-30T09:16:52.559+09:00  INFO 10164 --- [auth] [restartedMain] o.s.d.j.r.query.QueryEnhancerFactories   : Hibernate is in classpath; If applicable, HQL parser will be used.
2025-11-30T09:16:52.724+09:00 DEBUG 10164 --- [auth] [restartedMain] c.e.a.security.JwtAuthenticationFilter   : Filter 'jwtAuthenticationFilter' configured for use
2025-11-30T09:16:52.827+09:00  WARN 10164 --- [auth] [restartedMain] JpaBaseConfiguration$JpaWebConfiguration : spring.jpa.open-in-view is enabled by default. Therefore, database queries may be performed during view rendering. Explicitly configure spring.jpa.open-in-view to disable this warning
2025-11-30T09:16:52.897+09:00  WARN 10164 --- [auth] [restartedMain] .s.a.UserDetailsServiceAutoConfiguration : 

Using generated security password: a5ee57ae-29d9-42ac-a2ad-c3b6695a6c8e

This generated password is for development use only. Your security configuration must be updated before running your application in production.

2025-11-30T09:16:52.901+09:00  INFO 10164 --- [auth] [restartedMain] r$InitializeUserDetailsManagerConfigurer : Global AuthenticationManager configured with UserDetailsService bean with name inMemoryUserDetailsManager
2025-11-30T09:16:52.997+09:00 DEBUG 10164 --- [auth] [restartedMain] o.s.s.web.DefaultSecurityFilterChain     : Will secure any request with filters: DisableEncodeUrlFilter, WebAsyncManagerIntegrationFilter, SecurityContextHolderFilter, HeaderWriterFilter, LogoutFilter, JwtAuthenticationFilter, RequestCacheAwareFilter, SecurityContextHolderAwareRequestFilter, AnonymousAuthenticationFilter, SessionManagementFilter, ExceptionTranslationFilter, AuthorizationFilter
2025-11-30T09:16:53.298+09:00  INFO 10164 --- [auth] [restartedMain] o.s.boot.tomcat.TomcatWebServer          : Tomcat started on port 8070 (http) with context path '/'
2025-11-30T09:16:53.303+09:00  INFO 10164 --- [auth] [restartedMain] com.example.auth.AuthApplication         : Started AuthApplication in 3.481 seconds (process running for 3.786)
2025-11-30T11:24:06.636+09:00  INFO 16788 --- [auth] [restartedMain] com.example.auth.AuthApplication         : Starting AuthApplication using Java 17.0.16 with PID 16788 (C:\Users\User\Documents\backend\auth\build\classes\java\main started by User in C:\Users\User\Documents\backend\auth)
2025-11-30T11:24:06.637+09:00 DEBUG 16788 --- [auth] [restartedMain] com.example.auth.AuthApplication         : Running with Spring Boot v4.0.0, Spring v7.0.1
2025-11-30T11:24:06.638+09:00  INFO 16788 --- [auth] [restartedMain] com.example.auth.AuthApplication         : No active profile set, falling back to 1 default profile: "default"
2025-11-30T11:24:06.668+09:00  INFO 16788 --- [auth] [restartedMain] .e.DevToolsPropertyDefaultsPostProcessor : Devtools property defaults active! Set 'spring.devtools.add-properties' to 'false' to disable
2025-11-30T11:24:06.668+09:00  INFO 16788 --- [auth] [restartedMain] .e.DevToolsPropertyDefaultsPostProcessor : For additional web related logging consider setting the 'logging.level.web' property to 'DEBUG'
2025-11-30T11:24:07.086+09:00  INFO 16788 --- [auth] [restartedMain] .s.d.r.c.RepositoryConfigurationDelegate : Bootstrapping Spring Data JPA repositories in DEFAULT mode.
2025-11-30T11:24:07.131+09:00  INFO 16788 --- [auth] [restartedMain] .s.d.r.c.RepositoryConfigurationDelegate : Finished Spring Data repository scanning in 37 ms. Found 2 JPA repository interfaces.
2025-11-30T11:24:07.530+09:00  INFO 16788 --- [auth] [restartedMain] o.s.boot.tomcat.TomcatWebServer          : Tomcat initialized with port 8070 (http)
2025-11-30T11:24:07.550+09:00  INFO 16788 --- [auth] [restartedMain] o.apache.catalina.core.StandardService   : Starting service [Tomcat]
2025-11-30T11:24:07.551+09:00  INFO 16788 --- [auth] [restartedMain] o.apache.catalina.core.StandardEngine    : Starting Servlet engine: [Apache Tomcat/11.0.14]
2025-11-30T11:24:07.584+09:00  INFO 16788 --- [auth] [restartedMain] b.w.c.s.WebApplicationContextInitializer : Root WebApplicationContext: initialization completed in 916 ms
2025-11-30T11:24:07.691+09:00  INFO 16788 --- [auth] [restartedMain] o.hibernate.jpa.internal.util.LogHelper  : HHH000204: Processing PersistenceUnitInfo [name: default]
2025-11-30T11:24:07.735+09:00  INFO 16788 --- [auth] [restartedMain] org.hibernate.Version                    : HHH000412: Hibernate ORM core version 7.1.8.Final
2025-11-30T11:24:08.112+09:00  INFO 16788 --- [auth] [restartedMain] o.s.o.j.p.SpringPersistenceUnitInfo      : No LoadTimeWeaver setup: ignoring JPA class transformer
2025-11-30T11:24:08.131+09:00  INFO 16788 --- [auth] [restartedMain] com.zaxxer.hikari.HikariDataSource       : HikariPool-1 - Starting...
2025-11-30T11:24:08.222+09:00  INFO 16788 --- [auth] [restartedMain] com.zaxxer.hikari.pool.HikariPool        : HikariPool-1 - Added connection com.mysql.cj.jdbc.ConnectionImpl@4b325848
2025-11-30T11:24:08.223+09:00  INFO 16788 --- [auth] [restartedMain] com.zaxxer.hikari.HikariDataSource       : HikariPool-1 - Start completed.
2025-11-30T11:24:08.250+09:00  WARN 16788 --- [auth] [restartedMain] org.hibernate.orm.deprecation            : HHH90000025: MySQLDialect does not need to be specified explicitly using 'hibernate.dialect' (remove the property setting and it will be selected by default)
2025-11-30T11:24:08.260+09:00  INFO 16788 --- [auth] [restartedMain] org.hibernate.orm.connections.pooling    : HHH10001005: Database info:
	Database JDBC URL [jdbc:mysql://localhost:3306/hongjh?useSSL=false&serverTimezone=Asia/Seoul&allowPublicKeyRetrieval=true]
	Database driver: MySQL Connector/J
	Database dialect: MySQLDialect
	Database version: 8.0.43
	Default catalog/schema: hongjh/undefined
	Autocommit mode: undefined/unknown
	Isolation level: REPEATABLE_READ [default REPEATABLE_READ]
	JDBC fetch size: none
	Pool: DatasourceConnectionProviderImpl
	Minimum pool size: undefined/unknown
	Maximum pool size: undefined/unknown
2025-11-30T11:24:08.757+09:00  INFO 16788 --- [auth] [restartedMain] o.h.e.t.j.p.i.JtaPlatformInitiator       : HHH000489: No JTA platform available (set 'hibernate.transaction.jta.platform' to enable JTA platform integration)
2025-11-30T11:24:08.761+09:00  INFO 16788 --- [auth] [restartedMain] j.LocalContainerEntityManagerFactoryBean : Initialized JPA EntityManagerFactory for persistence unit 'default'
2025-11-30T11:24:08.808+09:00  INFO 16788 --- [auth] [restartedMain] o.s.d.j.r.query.QueryEnhancerFactories   : Hibernate is in classpath; If applicable, HQL parser will be used.
2025-11-30T11:24:08.928+09:00 DEBUG 16788 --- [auth] [restartedMain] c.e.a.security.JwtAuthenticationFilter   : Filter 'jwtAuthenticationFilter' configured for use
2025-11-30T11:24:08.985+09:00  INFO 16788 --- [auth] [restartedMain] r$InitializeUserDetailsManagerConfigurer : Global AuthenticationManager configured with UserDetailsService bean with name customUserDetailsService
2025-11-30T11:24:09.027+09:00  WARN 16788 --- [auth] [restartedMain] JpaBaseConfiguration$JpaWebConfiguration : spring.jpa.open-in-view is enabled by default. Therefore, database queries may be performed during view rendering. Explicitly configure spring.jpa.open-in-view to disable this warning
2025-11-30T11:24:09.151+09:00 DEBUG 16788 --- [auth] [restartedMain] o.s.s.web.DefaultSecurityFilterChain     : Will secure any request with filters: DisableEncodeUrlFilter, WebAsyncManagerIntegrationFilter, SecurityContextHolderFilter, HeaderWriterFilter, LogoutFilter, JwtAuthenticationFilter, RequestCacheAwareFilter, SecurityContextHolderAwareRequestFilter, AnonymousAuthenticationFilter, SessionManagementFilter, ExceptionTranslationFilter, AuthorizationFilter
2025-11-30T11:24:09.398+09:00  INFO 16788 --- [auth] [restartedMain] o.s.boot.tomcat.TomcatWebServer          : Tomcat started on port 8070 (http) with context path '/'
2025-11-30T11:24:09.402+09:00  INFO 16788 --- [auth] [restartedMain] com.example.auth.AuthApplication         : Started AuthApplication in 3.067 seconds (process running for 3.364)
2025-11-30T11:24:41.467+09:00  INFO 6176 --- [auth] [restartedMain] com.example.auth.AuthApplication         : Starting AuthApplication using Java 17.0.16 with PID 6176 (C:\Users\User\Documents\backend\auth\build\classes\java\main started by User in C:\Users\User\Documents\backend\auth)
2025-11-30T11:24:41.468+09:00 DEBUG 6176 --- [auth] [restartedMain] com.example.auth.AuthApplication         : Running with Spring Boot v4.0.0, Spring v7.0.1
2025-11-30T11:24:41.469+09:00  INFO 6176 --- [auth] [restartedMain] com.example.auth.AuthApplication         : No active profile set, falling back to 1 default profile: "default"
2025-11-30T11:24:41.499+09:00  INFO 6176 --- [auth] [restartedMain] .e.DevToolsPropertyDefaultsPostProcessor : Devtools property defaults active! Set 'spring.devtools.add-properties' to 'false' to disable
2025-11-30T11:24:41.499+09:00  INFO 6176 --- [auth] [restartedMain] .e.DevToolsPropertyDefaultsPostProcessor : For additional web related logging consider setting the 'logging.level.web' property to 'DEBUG'
2025-11-30T11:24:41.918+09:00  INFO 6176 --- [auth] [restartedMain] .s.d.r.c.RepositoryConfigurationDelegate : Bootstrapping Spring Data JPA repositories in DEFAULT mode.
2025-11-30T11:24:41.954+09:00  INFO 6176 --- [auth] [restartedMain] .s.d.r.c.RepositoryConfigurationDelegate : Finished Spring Data repository scanning in 31 ms. Found 2 JPA repository interfaces.
2025-11-30T11:24:42.351+09:00  INFO 6176 --- [auth] [restartedMain] o.s.boot.tomcat.TomcatWebServer          : Tomcat initialized with port 8070 (http)
2025-11-30T11:24:42.364+09:00  INFO 6176 --- [auth] [restartedMain] o.apache.catalina.core.StandardService   : Starting service [Tomcat]
2025-11-30T11:24:42.364+09:00  INFO 6176 --- [auth] [restartedMain] o.apache.catalina.core.StandardEngine    : Starting Servlet engine: [Apache Tomcat/11.0.14]
2025-11-30T11:24:42.396+09:00  INFO 6176 --- [auth] [restartedMain] b.w.c.s.WebApplicationContextInitializer : Root WebApplicationContext: initialization completed in 897 ms
2025-11-30T11:24:42.500+09:00  INFO 6176 --- [auth] [restartedMain] o.hibernate.jpa.internal.util.LogHelper  : HHH000204: Processing PersistenceUnitInfo [name: default]
2025-11-30T11:24:42.558+09:00  INFO 6176 --- [auth] [restartedMain] org.hibernate.Version                    : HHH000412: Hibernate ORM core version 7.1.8.Final
2025-11-30T11:24:42.869+09:00  INFO 6176 --- [auth] [restartedMain] o.s.o.j.p.SpringPersistenceUnitInfo      : No LoadTimeWeaver setup: ignoring JPA class transformer
2025-11-30T11:24:42.887+09:00  INFO 6176 --- [auth] [restartedMain] com.zaxxer.hikari.HikariDataSource       : HikariPool-1 - Starting...
2025-11-30T11:24:42.976+09:00  INFO 6176 --- [auth] [restartedMain] com.zaxxer.hikari.pool.HikariPool        : HikariPool-1 - Added connection com.mysql.cj.jdbc.ConnectionImpl@74449547
2025-11-30T11:24:42.977+09:00  INFO 6176 --- [auth] [restartedMain] com.zaxxer.hikari.HikariDataSource       : HikariPool-1 - Start completed.
2025-11-30T11:24:43.002+09:00  WARN 6176 --- [auth] [restartedMain] org.hibernate.orm.deprecation            : HHH90000025: MySQLDialect does not need to be specified explicitly using 'hibernate.dialect' (remove the property setting and it will be selected by default)
2025-11-30T11:24:43.011+09:00  INFO 6176 --- [auth] [restartedMain] org.hibernate.orm.connections.pooling    : HHH10001005: Database info:
	Database JDBC URL [jdbc:mysql://localhost:3306/hongjh?useSSL=false&serverTimezone=Asia/Seoul&allowPublicKeyRetrieval=true]
	Database driver: MySQL Connector/J
	Database dialect: MySQLDialect
	Database version: 8.0.43
	Default catalog/schema: hongjh/undefined
	Autocommit mode: undefined/unknown
	Isolation level: REPEATABLE_READ [default REPEATABLE_READ]
	JDBC fetch size: none
	Pool: DatasourceConnectionProviderImpl
	Minimum pool size: undefined/unknown
	Maximum pool size: undefined/unknown
2025-11-30T11:24:43.506+09:00  INFO 6176 --- [auth] [restartedMain] o.h.e.t.j.p.i.JtaPlatformInitiator       : HHH000489: No JTA platform available (set 'hibernate.transaction.jta.platform' to enable JTA platform integration)
2025-11-30T11:24:43.510+09:00  INFO 6176 --- [auth] [restartedMain] j.LocalContainerEntityManagerFactoryBean : Initialized JPA EntityManagerFactory for persistence unit 'default'
2025-11-30T11:24:43.554+09:00  INFO 6176 --- [auth] [restartedMain] o.s.d.j.r.query.QueryEnhancerFactories   : Hibernate is in classpath; If applicable, HQL parser will be used.
2025-11-30T11:24:43.658+09:00 DEBUG 6176 --- [auth] [restartedMain] c.e.a.security.JwtAuthenticationFilter   : Filter 'jwtAuthenticationFilter' configured for use
2025-11-30T11:24:43.699+09:00  INFO 6176 --- [auth] [restartedMain] r$InitializeUserDetailsManagerConfigurer : Global AuthenticationManager configured with UserDetailsService bean with name customUserDetailsService
2025-11-30T11:24:43.738+09:00  WARN 6176 --- [auth] [restartedMain] JpaBaseConfiguration$JpaWebConfiguration : spring.jpa.open-in-view is enabled by default. Therefore, database queries may be performed during view rendering. Explicitly configure spring.jpa.open-in-view to disable this warning
2025-11-30T11:24:43.859+09:00 DEBUG 6176 --- [auth] [restartedMain] o.s.s.web.DefaultSecurityFilterChain     : Will secure any request with filters: DisableEncodeUrlFilter, WebAsyncManagerIntegrationFilter, SecurityContextHolderFilter, HeaderWriterFilter, LogoutFilter, JwtAuthenticationFilter, RequestCacheAwareFilter, SecurityContextHolderAwareRequestFilter, AnonymousAuthenticationFilter, SessionManagementFilter, ExceptionTranslationFilter, AuthorizationFilter
2025-11-30T11:24:44.141+09:00  INFO 6176 --- [auth] [restartedMain] o.s.boot.tomcat.TomcatWebServer          : Tomcat started on port 8070 (http) with context path '/'
2025-11-30T11:24:44.147+09:00  INFO 6176 --- [auth] [restartedMain] com.example.auth.AuthApplication         : Started AuthApplication in 2.984 seconds (process running for 3.267)
2025-11-30T11:25:37.665+09:00  INFO 6176 --- [auth] [http-nio-8070-exec-2] o.a.c.c.C.[Tomcat].[localhost].[/]       : Initializing Spring DispatcherServlet 'dispatcherServlet'
2025-11-30T11:25:37.666+09:00  INFO 6176 --- [auth] [http-nio-8070-exec-2] o.s.web.servlet.DispatcherServlet        : Initializing Servlet 'dispatcherServlet'
2025-11-30T11:25:37.667+09:00  INFO 6176 --- [auth] [http-nio-8070-exec-2] o.s.web.servlet.DispatcherServlet        : Completed initialization in 1 ms
2025-11-30T11:25:37.675+09:00 DEBUG 6176 --- [auth] [http-nio-8070-exec-2] o.s.security.web.FilterChainProxy        : Securing POST /login
2025-11-30T11:25:37.682+09:00 DEBUG 6176 --- [auth] [http-nio-8070-exec-2] o.s.s.w.a.AnonymousAuthenticationFilter  : Set SecurityContextHolder to anonymous SecurityContext
2025-11-30T11:25:37.683+09:00 DEBUG 6176 --- [auth] [http-nio-8070-exec-2] o.s.security.web.FilterChainProxy        : Secured POST /login
2025-11-30T11:32:41.060+09:00 DEBUG 6176 --- [auth] [http-nio-8070-exec-5] o.s.security.web.FilterChainProxy        : Securing POST /loginex
2025-11-30T11:32:41.060+09:00 DEBUG 6176 --- [auth] [http-nio-8070-exec-5] o.s.s.w.a.AnonymousAuthenticationFilter  : Set SecurityContextHolder to anonymous SecurityContext
2025-11-30T11:33:13.768+09:00  INFO 140 --- [auth] [restartedMain] com.example.auth.AuthApplication         : Starting AuthApplication using Java 17.0.16 with PID 140 (C:\Users\User\Documents\backend\auth\build\classes\java\main started by User in C:\Users\User\Documents\backend\auth)
2025-11-30T11:33:13.769+09:00 DEBUG 140 --- [auth] [restartedMain] com.example.auth.AuthApplication         : Running with Spring Boot v4.0.0, Spring v7.0.1
2025-11-30T11:33:13.770+09:00  INFO 140 --- [auth] [restartedMain] com.example.auth.AuthApplication         : No active profile set, falling back to 1 default profile: "default"
2025-11-30T11:33:13.803+09:00  INFO 140 --- [auth] [restartedMain] .e.DevToolsPropertyDefaultsPostProcessor : Devtools property defaults active! Set 'spring.devtools.add-properties' to 'false' to disable
2025-11-30T11:33:13.804+09:00  INFO 140 --- [auth] [restartedMain] .e.DevToolsPropertyDefaultsPostProcessor : For additional web related logging consider setting the 'logging.level.web' property to 'DEBUG'
2025-11-30T11:33:14.264+09:00  INFO 140 --- [auth] [restartedMain] .s.d.r.c.RepositoryConfigurationDelegate : Bootstrapping Spring Data JPA repositories in DEFAULT mode.
2025-11-30T11:33:14.299+09:00  INFO 140 --- [auth] [restartedMain] .s.d.r.c.RepositoryConfigurationDelegate : Finished Spring Data repository scanning in 29 ms. Found 2 JPA repository interfaces.
2025-11-30T11:33:14.763+09:00  INFO 140 --- [auth] [restartedMain] o.s.boot.tomcat.TomcatWebServer          : Tomcat initialized with port 8070 (http)
2025-11-30T11:33:14.785+09:00  INFO 140 --- [auth] [restartedMain] o.apache.catalina.core.StandardService   : Starting service [Tomcat]
2025-11-30T11:33:14.786+09:00  INFO 140 --- [auth] [restartedMain] o.apache.catalina.core.StandardEngine    : Starting Servlet engine: [Apache Tomcat/11.0.14]
2025-11-30T11:33:14.829+09:00  INFO 140 --- [auth] [restartedMain] b.w.c.s.WebApplicationContextInitializer : Root WebApplicationContext: initialization completed in 1025 ms
2025-11-30T11:33:14.961+09:00  INFO 140 --- [auth] [restartedMain] o.hibernate.jpa.internal.util.LogHelper  : HHH000204: Processing PersistenceUnitInfo [name: default]
2025-11-30T11:33:15.016+09:00  INFO 140 --- [auth] [restartedMain] org.hibernate.Version                    : HHH000412: Hibernate ORM core version 7.1.8.Final
2025-11-30T11:33:15.355+09:00  INFO 140 --- [auth] [restartedMain] o.s.o.j.p.SpringPersistenceUnitInfo      : No LoadTimeWeaver setup: ignoring JPA class transformer
2025-11-30T11:33:15.376+09:00  INFO 140 --- [auth] [restartedMain] com.zaxxer.hikari.HikariDataSource       : HikariPool-1 - Starting...
2025-11-30T11:33:15.469+09:00  INFO 140 --- [auth] [restartedMain] com.zaxxer.hikari.pool.HikariPool        : HikariPool-1 - Added connection com.mysql.cj.jdbc.ConnectionImpl@1655fd3a
2025-11-30T11:33:15.470+09:00  INFO 140 --- [auth] [restartedMain] com.zaxxer.hikari.HikariDataSource       : HikariPool-1 - Start completed.
2025-11-30T11:33:15.496+09:00  WARN 140 --- [auth] [restartedMain] org.hibernate.orm.deprecation            : HHH90000025: MySQLDialect does not need to be specified explicitly using 'hibernate.dialect' (remove the property setting and it will be selected by default)
2025-11-30T11:33:15.504+09:00  INFO 140 --- [auth] [restartedMain] org.hibernate.orm.connections.pooling    : HHH10001005: Database info:
	Database JDBC URL [jdbc:mysql://localhost:3306/hongjh?useSSL=false&serverTimezone=Asia/Seoul&allowPublicKeyRetrieval=true]
	Database driver: MySQL Connector/J
	Database dialect: MySQLDialect
	Database version: 8.0.43
	Default catalog/schema: hongjh/undefined
	Autocommit mode: undefined/unknown
	Isolation level: REPEATABLE_READ [default REPEATABLE_READ]
	JDBC fetch size: none
	Pool: DatasourceConnectionProviderImpl
	Minimum pool size: undefined/unknown
	Maximum pool size: undefined/unknown
2025-11-30T11:33:15.991+09:00  INFO 140 --- [auth] [restartedMain] o.h.e.t.j.p.i.JtaPlatformInitiator       : HHH000489: No JTA platform available (set 'hibernate.transaction.jta.platform' to enable JTA platform integration)
2025-11-30T11:33:15.995+09:00  INFO 140 --- [auth] [restartedMain] j.LocalContainerEntityManagerFactoryBean : Initialized JPA EntityManagerFactory for persistence unit 'default'
2025-11-30T11:33:16.032+09:00  INFO 140 --- [auth] [restartedMain] o.s.d.j.r.query.QueryEnhancerFactories   : Hibernate is in classpath; If applicable, HQL parser will be used.
2025-11-30T11:33:16.136+09:00 DEBUG 140 --- [auth] [restartedMain] c.e.a.security.JwtAuthenticationFilter   : Filter 'jwtAuthenticationFilter' configured for use
2025-11-30T11:33:16.175+09:00  INFO 140 --- [auth] [restartedMain] r$InitializeUserDetailsManagerConfigurer : Global AuthenticationManager configured with UserDetailsService bean with name customUserDetailsService
2025-11-30T11:33:16.205+09:00  WARN 140 --- [auth] [restartedMain] JpaBaseConfiguration$JpaWebConfiguration : spring.jpa.open-in-view is enabled by default. Therefore, database queries may be performed during view rendering. Explicitly configure spring.jpa.open-in-view to disable this warning
2025-11-30T11:33:16.343+09:00 DEBUG 140 --- [auth] [restartedMain] o.s.s.web.DefaultSecurityFilterChain     : Will secure any request with filters: DisableEncodeUrlFilter, WebAsyncManagerIntegrationFilter, SecurityContextHolderFilter, HeaderWriterFilter, LogoutFilter, JwtAuthenticationFilter, RequestCacheAwareFilter, SecurityContextHolderAwareRequestFilter, AnonymousAuthenticationFilter, SessionManagementFilter, ExceptionTranslationFilter, AuthorizationFilter
2025-11-30T11:33:16.674+09:00  INFO 140 --- [auth] [restartedMain] o.s.boot.tomcat.TomcatWebServer          : Tomcat started on port 8070 (http) with context path '/'
2025-11-30T11:33:16.679+09:00  INFO 140 --- [auth] [restartedMain] com.example.auth.AuthApplication         : Started AuthApplication in 3.21 seconds (process running for 3.468)
2025-11-30T11:33:22.800+09:00  INFO 140 --- [auth] [http-nio-8070-exec-1] o.a.c.c.C.[Tomcat].[localhost].[/]       : Initializing Spring DispatcherServlet 'dispatcherServlet'
2025-11-30T11:33:22.800+09:00  INFO 140 --- [auth] [http-nio-8070-exec-1] o.s.web.servlet.DispatcherServlet        : Initializing Servlet 'dispatcherServlet'
2025-11-30T11:33:22.800+09:00  INFO 140 --- [auth] [http-nio-8070-exec-1] o.s.web.servlet.DispatcherServlet        : Completed initialization in 0 ms
2025-11-30T11:33:22.808+09:00 DEBUG 140 --- [auth] [http-nio-8070-exec-1] o.s.security.web.FilterChainProxy        : Securing POST /loginex
2025-11-30T11:33:22.813+09:00 DEBUG 140 --- [auth] [http-nio-8070-exec-1] o.s.s.w.a.AnonymousAuthenticationFilter  : Set SecurityContextHolder to anonymous SecurityContext
2025-11-30T11:33:22.814+09:00 DEBUG 140 --- [auth] [http-nio-8070-exec-1] o.s.security.web.FilterChainProxy        : Secured POST /loginex
2025-11-30T11:33:23.274+09:00 DEBUG 140 --- [auth] [http-nio-8070-exec-1] o.s.s.a.dao.DaoAuthenticationProvider    : Failed to authenticate since password does not match stored value
2025-11-30T11:33:23.276+09:00 DEBUG 140 --- [auth] [http-nio-8070-exec-1] o.s.s.authentication.ProviderManager     : Authentication failed with provider DaoAuthenticationProvider since 자격 증명에 실패하였습니다.
2025-11-30T11:33:41.392+09:00 DEBUG 140 --- [auth] [http-nio-8070-exec-3] o.s.security.web.FilterChainProxy        : Securing POST /loginex
2025-11-30T11:33:41.393+09:00 DEBUG 140 --- [auth] [http-nio-8070-exec-3] o.s.s.w.a.AnonymousAuthenticationFilter  : Set SecurityContextHolder to anonymous SecurityContext
2025-11-30T11:33:41.393+09:00 DEBUG 140 --- [auth] [http-nio-8070-exec-3] o.s.security.web.FilterChainProxy        : Secured POST /loginex
2025-11-30T11:33:41.449+09:00 DEBUG 140 --- [auth] [http-nio-8070-exec-3] o.s.s.a.dao.DaoAuthenticationProvider    : Failed to authenticate since password does not match stored value
2025-11-30T11:33:41.449+09:00 DEBUG 140 --- [auth] [http-nio-8070-exec-3] o.s.s.authentication.ProviderManager     : Authentication failed with provider DaoAuthenticationProvider since 자격 증명에 실패하였습니다.
2025-11-30T11:33:49.815+09:00  INFO 3008 --- [auth] [restartedMain] com.example.auth.AuthApplication         : Starting AuthApplication using Java 17.0.16 with PID 3008 (C:\Users\User\Documents\backend\auth\build\classes\java\main started by User in C:\Users\User\Documents\backend\auth)
2025-11-30T11:33:49.817+09:00 DEBUG 3008 --- [auth] [restartedMain] com.example.auth.AuthApplication         : Running with Spring Boot v4.0.0, Spring v7.0.1
2025-11-30T11:33:49.817+09:00  INFO 3008 --- [auth] [restartedMain] com.example.auth.AuthApplication         : No active profile set, falling back to 1 default profile: "default"
2025-11-30T11:33:49.846+09:00  INFO 3008 --- [auth] [restartedMain] .e.DevToolsPropertyDefaultsPostProcessor : Devtools property defaults active! Set 'spring.devtools.add-properties' to 'false' to disable
2025-11-30T11:33:49.846+09:00  INFO 3008 --- [auth] [restartedMain] .e.DevToolsPropertyDefaultsPostProcessor : For additional web related logging consider setting the 'logging.level.web' property to 'DEBUG'
2025-11-30T11:33:50.284+09:00  INFO 3008 --- [auth] [restartedMain] .s.d.r.c.RepositoryConfigurationDelegate : Bootstrapping Spring Data JPA repositories in DEFAULT mode.
2025-11-30T11:33:50.321+09:00  INFO 3008 --- [auth] [restartedMain] .s.d.r.c.RepositoryConfigurationDelegate : Finished Spring Data repository scanning in 31 ms. Found 2 JPA repository interfaces.
2025-11-30T11:33:50.714+09:00  INFO 3008 --- [auth] [restartedMain] o.s.boot.tomcat.TomcatWebServer          : Tomcat initialized with port 8070 (http)
2025-11-30T11:33:50.726+09:00  INFO 3008 --- [auth] [restartedMain] o.apache.catalina.core.StandardService   : Starting service [Tomcat]
2025-11-30T11:33:50.726+09:00  INFO 3008 --- [auth] [restartedMain] o.apache.catalina.core.StandardEngine    : Starting Servlet engine: [Apache Tomcat/11.0.14]
2025-11-30T11:33:50.754+09:00  INFO 3008 --- [auth] [restartedMain] b.w.c.s.WebApplicationContextInitializer : Root WebApplicationContext: initialization completed in 908 ms
2025-11-30T11:33:50.880+09:00  INFO 3008 --- [auth] [restartedMain] o.hibernate.jpa.internal.util.LogHelper  : HHH000204: Processing PersistenceUnitInfo [name: default]
2025-11-30T11:33:50.925+09:00  INFO 3008 --- [auth] [restartedMain] org.hibernate.Version                    : HHH000412: Hibernate ORM core version 7.1.8.Final
2025-11-30T11:33:51.246+09:00  INFO 3008 --- [auth] [restartedMain] o.s.o.j.p.SpringPersistenceUnitInfo      : No LoadTimeWeaver setup: ignoring JPA class transformer
2025-11-30T11:33:51.269+09:00  INFO 3008 --- [auth] [restartedMain] com.zaxxer.hikari.HikariDataSource       : HikariPool-1 - Starting...
2025-11-30T11:33:51.355+09:00  INFO 3008 --- [auth] [restartedMain] com.zaxxer.hikari.pool.HikariPool        : HikariPool-1 - Added connection com.mysql.cj.jdbc.ConnectionImpl@7b19a4d5
2025-11-30T11:33:51.356+09:00  INFO 3008 --- [auth] [restartedMain] com.zaxxer.hikari.HikariDataSource       : HikariPool-1 - Start completed.
2025-11-30T11:33:51.381+09:00  WARN 3008 --- [auth] [restartedMain] org.hibernate.orm.deprecation            : HHH90000025: MySQLDialect does not need to be specified explicitly using 'hibernate.dialect' (remove the property setting and it will be selected by default)
2025-11-30T11:33:51.390+09:00  INFO 3008 --- [auth] [restartedMain] org.hibernate.orm.connections.pooling    : HHH10001005: Database info:
	Database JDBC URL [jdbc:mysql://localhost:3306/hongjh?useSSL=false&serverTimezone=Asia/Seoul&allowPublicKeyRetrieval=true]
	Database driver: MySQL Connector/J
	Database dialect: MySQLDialect
	Database version: 8.0.43
	Default catalog/schema: hongjh/undefined
	Autocommit mode: undefined/unknown
	Isolation level: REPEATABLE_READ [default REPEATABLE_READ]
	JDBC fetch size: none
	Pool: DatasourceConnectionProviderImpl
	Minimum pool size: undefined/unknown
	Maximum pool size: undefined/unknown
2025-11-30T11:33:51.892+09:00  INFO 3008 --- [auth] [restartedMain] o.h.e.t.j.p.i.JtaPlatformInitiator       : HHH000489: No JTA platform available (set 'hibernate.transaction.jta.platform' to enable JTA platform integration)
2025-11-30T11:33:51.897+09:00  INFO 3008 --- [auth] [restartedMain] j.LocalContainerEntityManagerFactoryBean : Initialized JPA EntityManagerFactory for persistence unit 'default'
2025-11-30T11:33:51.932+09:00  INFO 3008 --- [auth] [restartedMain] o.s.d.j.r.query.QueryEnhancerFactories   : Hibernate is in classpath; If applicable, HQL parser will be used.
2025-11-30T11:33:52.028+09:00 DEBUG 3008 --- [auth] [restartedMain] c.e.a.security.JwtAuthenticationFilter   : Filter 'jwtAuthenticationFilter' configured for use
2025-11-30T11:33:52.069+09:00  INFO 3008 --- [auth] [restartedMain] r$InitializeUserDetailsManagerConfigurer : Global AuthenticationManager configured with UserDetailsService bean with name customUserDetailsService
2025-11-30T11:33:52.121+09:00  WARN 3008 --- [auth] [restartedMain] JpaBaseConfiguration$JpaWebConfiguration : spring.jpa.open-in-view is enabled by default. Therefore, database queries may be performed during view rendering. Explicitly configure spring.jpa.open-in-view to disable this warning
2025-11-30T11:33:52.281+09:00 DEBUG 3008 --- [auth] [restartedMain] o.s.s.web.DefaultSecurityFilterChain     : Will secure any request with filters: DisableEncodeUrlFilter, WebAsyncManagerIntegrationFilter, SecurityContextHolderFilter, HeaderWriterFilter, LogoutFilter, JwtAuthenticationFilter, RequestCacheAwareFilter, SecurityContextHolderAwareRequestFilter, AnonymousAuthenticationFilter, SessionManagementFilter, ExceptionTranslationFilter, AuthorizationFilter
2025-11-30T11:33:52.597+09:00  INFO 3008 --- [auth] [restartedMain] o.s.boot.tomcat.TomcatWebServer          : Tomcat started on port 8070 (http) with context path '/'
2025-11-30T11:33:52.602+09:00  INFO 3008 --- [auth] [restartedMain] com.example.auth.AuthApplication         : Started AuthApplication in 3.103 seconds (process running for 3.399)
2025-11-30T11:34:04.305+09:00  INFO 3008 --- [auth] [http-nio-8070-exec-1] o.a.c.c.C.[Tomcat].[localhost].[/]       : Initializing Spring DispatcherServlet 'dispatcherServlet'
2025-11-30T11:34:04.305+09:00  INFO 3008 --- [auth] [http-nio-8070-exec-1] o.s.web.servlet.DispatcherServlet        : Initializing Servlet 'dispatcherServlet'
2025-11-30T11:34:04.307+09:00  INFO 3008 --- [auth] [http-nio-8070-exec-1] o.s.web.servlet.DispatcherServlet        : Completed initialization in 1 ms
2025-11-30T11:34:04.314+09:00 DEBUG 3008 --- [auth] [http-nio-8070-exec-1] o.s.security.web.FilterChainProxy        : Securing POST /loginex
2025-11-30T11:34:04.321+09:00 DEBUG 3008 --- [auth] [http-nio-8070-exec-1] o.s.s.w.a.AnonymousAuthenticationFilter  : Set SecurityContextHolder to anonymous SecurityContext
2025-11-30T11:34:04.322+09:00 DEBUG 3008 --- [auth] [http-nio-8070-exec-1] o.s.security.web.FilterChainProxy        : Secured POST /loginex
2025-11-30T11:34:04.962+09:00 DEBUG 3008 --- [auth] [http-nio-8070-exec-1] o.s.s.a.dao.DaoAuthenticationProvider    : Failed to authenticate since password does not match stored value
2025-11-30T11:34:04.966+09:00 DEBUG 3008 --- [auth] [http-nio-8070-exec-1] o.s.s.authentication.ProviderManager     : Authentication failed with provider DaoAuthenticationProvider since 자격 증명에 실패하였습니다.
2025-11-30T11:34:41.497+09:00 DEBUG 3008 --- [auth] [http-nio-8070-exec-3] o.s.security.web.FilterChainProxy        : Securing POST /loginex
2025-11-30T11:34:41.498+09:00 DEBUG 3008 --- [auth] [http-nio-8070-exec-3] o.s.s.w.a.AnonymousAuthenticationFilter  : Set SecurityContextHolder to anonymous SecurityContext
2025-11-30T11:34:41.499+09:00 DEBUG 3008 --- [auth] [http-nio-8070-exec-3] o.s.security.web.FilterChainProxy        : Secured POST /loginex
2025-11-30T11:34:41.561+09:00 DEBUG 3008 --- [auth] [http-nio-8070-exec-3] o.s.s.a.dao.DaoAuthenticationProvider    : Failed to authenticate since password does not match stored value
2025-11-30T11:34:41.562+09:00 DEBUG 3008 --- [auth] [http-nio-8070-exec-3] o.s.s.authentication.ProviderManager     : Authentication failed with provider DaoAuthenticationProvider since 자격 증명에 실패하였습니다.
2025-11-30T11:35:11.327+09:00 DEBUG 3008 --- [auth] [http-nio-8070-exec-4] o.s.security.web.FilterChainProxy        : Securing POST /loginex
2025-11-30T11:35:11.327+09:00 DEBUG 3008 --- [auth] [http-nio-8070-exec-4] o.s.s.w.a.AnonymousAuthenticationFilter  : Set SecurityContextHolder to anonymous SecurityContext
2025-11-30T11:35:11.327+09:00 DEBUG 3008 --- [auth] [http-nio-8070-exec-4] o.s.security.web.FilterChainProxy        : Secured POST /loginex
2025-11-30T11:35:11.380+09:00 DEBUG 3008 --- [auth] [http-nio-8070-exec-4] o.s.s.a.dao.DaoAuthenticationProvider    : Failed to authenticate since password does not match stored value
2025-11-30T11:35:11.380+09:00 DEBUG 3008 --- [auth] [http-nio-8070-exec-4] o.s.s.authentication.ProviderManager     : Authentication failed with provider DaoAuthenticationProvider since 자격 증명에 실패하였습니다.
2025-11-30T11:35:52.406+09:00 DEBUG 3008 --- [auth] [http-nio-8070-exec-5] o.s.security.web.FilterChainProxy        : Securing POST /loginex
2025-11-30T11:35:52.406+09:00 DEBUG 3008 --- [auth] [http-nio-8070-exec-5] o.s.s.w.a.AnonymousAuthenticationFilter  : Set SecurityContextHolder to anonymous SecurityContext
2025-11-30T11:35:52.406+09:00 DEBUG 3008 --- [auth] [http-nio-8070-exec-5] o.s.security.web.FilterChainProxy        : Secured POST /loginex
2025-11-30T11:35:52.468+09:00 DEBUG 3008 --- [auth] [http-nio-8070-exec-5] o.s.s.a.dao.DaoAuthenticationProvider    : Failed to authenticate since password does not match stored value
2025-11-30T11:35:52.469+09:00 DEBUG 3008 --- [auth] [http-nio-8070-exec-5] o.s.s.authentication.ProviderManager     : Authentication failed with provider DaoAuthenticationProvider since 자격 증명에 실패하였습니다.
2025-11-30T11:38:54.050+09:00  INFO 6176 --- [auth] [restartedMain] com.example.auth.AuthApplication         : Starting AuthApplication using Java 17.0.16 with PID 6176 (C:\Users\User\Documents\backend\auth\build\classes\java\main started by User in C:\Users\User\Documents\backend\auth)
2025-11-30T11:38:54.052+09:00 DEBUG 6176 --- [auth] [restartedMain] com.example.auth.AuthApplication         : Running with Spring Boot v4.0.0, Spring v7.0.1
2025-11-30T11:38:54.052+09:00  INFO 6176 --- [auth] [restartedMain] com.example.auth.AuthApplication         : No active profile set, falling back to 1 default profile: "default"
2025-11-30T11:38:54.081+09:00  INFO 6176 --- [auth] [restartedMain] .e.DevToolsPropertyDefaultsPostProcessor : Devtools property defaults active! Set 'spring.devtools.add-properties' to 'false' to disable
2025-11-30T11:38:54.082+09:00  INFO 6176 --- [auth] [restartedMain] .e.DevToolsPropertyDefaultsPostProcessor : For additional web related logging consider setting the 'logging.level.web' property to 'DEBUG'
2025-11-30T11:38:54.528+09:00  INFO 6176 --- [auth] [restartedMain] .s.d.r.c.RepositoryConfigurationDelegate : Bootstrapping Spring Data JPA repositories in DEFAULT mode.
2025-11-30T11:38:54.565+09:00  INFO 6176 --- [auth] [restartedMain] .s.d.r.c.RepositoryConfigurationDelegate : Finished Spring Data repository scanning in 30 ms. Found 2 JPA repository interfaces.
2025-11-30T11:38:55.016+09:00  INFO 6176 --- [auth] [restartedMain] o.s.boot.tomcat.TomcatWebServer          : Tomcat initialized with port 8070 (http)
2025-11-30T11:38:55.035+09:00  INFO 6176 --- [auth] [restartedMain] o.apache.catalina.core.StandardService   : Starting service [Tomcat]
2025-11-30T11:38:55.035+09:00  INFO 6176 --- [auth] [restartedMain] o.apache.catalina.core.StandardEngine    : Starting Servlet engine: [Apache Tomcat/11.0.14]
2025-11-30T11:38:55.079+09:00  INFO 6176 --- [auth] [restartedMain] b.w.c.s.WebApplicationContextInitializer : Root WebApplicationContext: initialization completed in 997 ms
2025-11-30T11:38:55.189+09:00  INFO 6176 --- [auth] [restartedMain] o.hibernate.jpa.internal.util.LogHelper  : HHH000204: Processing PersistenceUnitInfo [name: default]
2025-11-30T11:38:55.251+09:00  INFO 6176 --- [auth] [restartedMain] org.hibernate.Version                    : HHH000412: Hibernate ORM core version 7.1.8.Final
2025-11-30T11:38:55.588+09:00  INFO 6176 --- [auth] [restartedMain] o.s.o.j.p.SpringPersistenceUnitInfo      : No LoadTimeWeaver setup: ignoring JPA class transformer
2025-11-30T11:38:55.610+09:00  INFO 6176 --- [auth] [restartedMain] com.zaxxer.hikari.HikariDataSource       : HikariPool-1 - Starting...
2025-11-30T11:38:55.707+09:00  INFO 6176 --- [auth] [restartedMain] com.zaxxer.hikari.pool.HikariPool        : HikariPool-1 - Added connection com.mysql.cj.jdbc.ConnectionImpl@7b2abe1
2025-11-30T11:38:55.708+09:00  INFO 6176 --- [auth] [restartedMain] com.zaxxer.hikari.HikariDataSource       : HikariPool-1 - Start completed.
2025-11-30T11:38:55.733+09:00  WARN 6176 --- [auth] [restartedMain] org.hibernate.orm.deprecation            : HHH90000025: MySQLDialect does not need to be specified explicitly using 'hibernate.dialect' (remove the property setting and it will be selected by default)
2025-11-30T11:38:55.742+09:00  INFO 6176 --- [auth] [restartedMain] org.hibernate.orm.connections.pooling    : HHH10001005: Database info:
	Database JDBC URL [jdbc:mysql://localhost:3306/hongjh?useSSL=false&serverTimezone=Asia/Seoul&allowPublicKeyRetrieval=true]
	Database driver: MySQL Connector/J
	Database dialect: MySQLDialect
	Database version: 8.0.43
	Default catalog/schema: hongjh/undefined
	Autocommit mode: undefined/unknown
	Isolation level: REPEATABLE_READ [default REPEATABLE_READ]
	JDBC fetch size: none
	Pool: DatasourceConnectionProviderImpl
	Minimum pool size: undefined/unknown
	Maximum pool size: undefined/unknown
2025-11-30T11:38:56.239+09:00  INFO 6176 --- [auth] [restartedMain] o.h.e.t.j.p.i.JtaPlatformInitiator       : HHH000489: No JTA platform available (set 'hibernate.transaction.jta.platform' to enable JTA platform integration)
2025-11-30T11:38:56.243+09:00  INFO 6176 --- [auth] [restartedMain] j.LocalContainerEntityManagerFactoryBean : Initialized JPA EntityManagerFactory for persistence unit 'default'
2025-11-30T11:38:56.280+09:00  INFO 6176 --- [auth] [restartedMain] o.s.d.j.r.query.QueryEnhancerFactories   : Hibernate is in classpath; If applicable, HQL parser will be used.
2025-11-30T11:38:56.391+09:00 DEBUG 6176 --- [auth] [restartedMain] c.e.a.security.JwtAuthenticationFilter   : Filter 'jwtAuthenticationFilter' configured for use
2025-11-30T11:38:56.437+09:00  INFO 6176 --- [auth] [restartedMain] r$InitializeUserDetailsManagerConfigurer : Global AuthenticationManager configured with UserDetailsService bean with name customUserDetailsService
2025-11-30T11:38:56.470+09:00  WARN 6176 --- [auth] [restartedMain] JpaBaseConfiguration$JpaWebConfiguration : spring.jpa.open-in-view is enabled by default. Therefore, database queries may be performed during view rendering. Explicitly configure spring.jpa.open-in-view to disable this warning
2025-11-30T11:38:56.585+09:00 DEBUG 6176 --- [auth] [restartedMain] o.s.s.web.DefaultSecurityFilterChain     : Will secure any request with filters: DisableEncodeUrlFilter, WebAsyncManagerIntegrationFilter, SecurityContextHolderFilter, HeaderWriterFilter, LogoutFilter, JwtAuthenticationFilter, RequestCacheAwareFilter, SecurityContextHolderAwareRequestFilter, AnonymousAuthenticationFilter, SessionManagementFilter, ExceptionTranslationFilter, AuthorizationFilter
2025-11-30T11:38:56.876+09:00  INFO 6176 --- [auth] [restartedMain] o.s.boot.tomcat.TomcatWebServer          : Tomcat started on port 8070 (http) with context path '/'
2025-11-30T11:38:56.881+09:00  INFO 6176 --- [auth] [restartedMain] com.example.auth.AuthApplication         : Started AuthApplication in 3.127 seconds (process running for 3.435)
2025-11-30T11:39:01.974+09:00  INFO 6176 --- [auth] [http-nio-8070-exec-1] o.a.c.c.C.[Tomcat].[localhost].[/]       : Initializing Spring DispatcherServlet 'dispatcherServlet'
2025-11-30T11:39:01.974+09:00  INFO 6176 --- [auth] [http-nio-8070-exec-1] o.s.web.servlet.DispatcherServlet        : Initializing Servlet 'dispatcherServlet'
2025-11-30T11:39:01.976+09:00  INFO 6176 --- [auth] [http-nio-8070-exec-1] o.s.web.servlet.DispatcherServlet        : Completed initialization in 2 ms
2025-11-30T11:39:01.985+09:00 DEBUG 6176 --- [auth] [http-nio-8070-exec-1] o.s.security.web.FilterChainProxy        : Securing POST /loginex
2025-11-30T11:39:01.992+09:00 DEBUG 6176 --- [auth] [http-nio-8070-exec-1] o.s.s.w.a.AnonymousAuthenticationFilter  : Set SecurityContextHolder to anonymous SecurityContext
2025-11-30T11:39:01.993+09:00 DEBUG 6176 --- [auth] [http-nio-8070-exec-1] o.s.security.web.FilterChainProxy        : Secured POST /loginex
2025-11-30T11:39:02.430+09:00 DEBUG 6176 --- [auth] [http-nio-8070-exec-1] o.s.s.a.dao.DaoAuthenticationProvider    : Authenticated user
2025-11-30T12:33:44.641+09:00  INFO 14364 --- [auth] [restartedMain] com.example.auth.AuthApplication         : Starting AuthApplication using Java 17.0.16 with PID 14364 (C:\Users\User\Documents\backend\auth\build\classes\java\main started by User in C:\Users\User\Documents\backend\auth)
2025-11-30T12:33:44.643+09:00 DEBUG 14364 --- [auth] [restartedMain] com.example.auth.AuthApplication         : Running with Spring Boot v4.0.0, Spring v7.0.1
2025-11-30T12:33:44.643+09:00  INFO 14364 --- [auth] [restartedMain] com.example.auth.AuthApplication         : No active profile set, falling back to 1 default profile: "default"
2025-11-30T12:33:44.673+09:00  INFO 14364 --- [auth] [restartedMain] .e.DevToolsPropertyDefaultsPostProcessor : Devtools property defaults active! Set 'spring.devtools.add-properties' to 'false' to disable
2025-11-30T12:33:44.673+09:00  INFO 14364 --- [auth] [restartedMain] .e.DevToolsPropertyDefaultsPostProcessor : For additional web related logging consider setting the 'logging.level.web' property to 'DEBUG'
2025-11-30T12:33:45.068+09:00  INFO 14364 --- [auth] [restartedMain] .s.d.r.c.RepositoryConfigurationDelegate : Bootstrapping Spring Data JPA repositories in DEFAULT mode.
2025-11-30T12:33:45.104+09:00  INFO 14364 --- [auth] [restartedMain] .s.d.r.c.RepositoryConfigurationDelegate : Finished Spring Data repository scanning in 25 ms. Found 2 JPA repository interfaces.
2025-11-30T12:33:45.492+09:00  INFO 14364 --- [auth] [restartedMain] o.s.boot.tomcat.TomcatWebServer          : Tomcat initialized with port 8070 (http)
2025-11-30T12:33:45.504+09:00  INFO 14364 --- [auth] [restartedMain] o.apache.catalina.core.StandardService   : Starting service [Tomcat]
2025-11-30T12:33:45.505+09:00  INFO 14364 --- [auth] [restartedMain] o.apache.catalina.core.StandardEngine    : Starting Servlet engine: [Apache Tomcat/11.0.14]
2025-11-30T12:33:45.531+09:00  INFO 14364 --- [auth] [restartedMain] b.w.c.s.WebApplicationContextInitializer : Root WebApplicationContext: initialization completed in 857 ms
2025-11-30T12:33:45.629+09:00  INFO 14364 --- [auth] [restartedMain] o.hibernate.jpa.internal.util.LogHelper  : HHH000204: Processing PersistenceUnitInfo [name: default]
2025-11-30T12:33:45.678+09:00  INFO 14364 --- [auth] [restartedMain] org.hibernate.Version                    : HHH000412: Hibernate ORM core version 7.1.8.Final
2025-11-30T12:33:46.017+09:00  INFO 14364 --- [auth] [restartedMain] o.s.o.j.p.SpringPersistenceUnitInfo      : No LoadTimeWeaver setup: ignoring JPA class transformer
2025-11-30T12:33:46.037+09:00  INFO 14364 --- [auth] [restartedMain] com.zaxxer.hikari.HikariDataSource       : HikariPool-1 - Starting...
2025-11-30T12:33:46.119+09:00  INFO 14364 --- [auth] [restartedMain] com.zaxxer.hikari.pool.HikariPool        : HikariPool-1 - Added connection com.mysql.cj.jdbc.ConnectionImpl@5e09b916
2025-11-30T12:33:46.120+09:00  INFO 14364 --- [auth] [restartedMain] com.zaxxer.hikari.HikariDataSource       : HikariPool-1 - Start completed.
2025-11-30T12:33:46.144+09:00  WARN 14364 --- [auth] [restartedMain] org.hibernate.orm.deprecation            : HHH90000025: MySQLDialect does not need to be specified explicitly using 'hibernate.dialect' (remove the property setting and it will be selected by default)
2025-11-30T12:33:46.158+09:00  INFO 14364 --- [auth] [restartedMain] org.hibernate.orm.connections.pooling    : HHH10001005: Database info:
	Database JDBC URL [jdbc:mysql://localhost:3306/hongjh?useSSL=false&serverTimezone=Asia/Seoul&allowPublicKeyRetrieval=true]
	Database driver: MySQL Connector/J
	Database dialect: MySQLDialect
	Database version: 8.0.43
	Default catalog/schema: hongjh/undefined
	Autocommit mode: undefined/unknown
	Isolation level: REPEATABLE_READ [default REPEATABLE_READ]
	JDBC fetch size: none
	Pool: DatasourceConnectionProviderImpl
	Minimum pool size: undefined/unknown
	Maximum pool size: undefined/unknown
2025-11-30T12:33:46.681+09:00  INFO 14364 --- [auth] [restartedMain] o.h.e.t.j.p.i.JtaPlatformInitiator       : HHH000489: No JTA platform available (set 'hibernate.transaction.jta.platform' to enable JTA platform integration)
2025-11-30T12:33:46.686+09:00  INFO 14364 --- [auth] [restartedMain] j.LocalContainerEntityManagerFactoryBean : Initialized JPA EntityManagerFactory for persistence unit 'default'
2025-11-30T12:33:46.729+09:00  INFO 14364 --- [auth] [restartedMain] o.s.d.j.r.query.QueryEnhancerFactories   : Hibernate is in classpath; If applicable, HQL parser will be used.
2025-11-30T12:33:46.862+09:00 DEBUG 14364 --- [auth] [restartedMain] c.e.a.security.JwtAuthenticationFilter   : Filter 'jwtAuthenticationFilter' configured for use
2025-11-30T12:33:46.908+09:00  INFO 14364 --- [auth] [restartedMain] r$InitializeUserDetailsManagerConfigurer : Global AuthenticationManager configured with UserDetailsService bean with name customUserDetailsService
2025-11-30T12:33:46.940+09:00  WARN 14364 --- [auth] [restartedMain] JpaBaseConfiguration$JpaWebConfiguration : spring.jpa.open-in-view is enabled by default. Therefore, database queries may be performed during view rendering. Explicitly configure spring.jpa.open-in-view to disable this warning
2025-11-30T12:33:47.060+09:00 DEBUG 14364 --- [auth] [restartedMain] o.s.s.web.DefaultSecurityFilterChain     : Will secure any request with filters: DisableEncodeUrlFilter, WebAsyncManagerIntegrationFilter, SecurityContextHolderFilter, HeaderWriterFilter, LogoutFilter, JwtAuthenticationFilter, RequestCacheAwareFilter, SecurityContextHolderAwareRequestFilter, AnonymousAuthenticationFilter, SessionManagementFilter, ExceptionTranslationFilter, AuthorizationFilter
2025-11-30T12:33:47.296+09:00  INFO 14364 --- [auth] [restartedMain] o.s.boot.tomcat.TomcatWebServer          : Tomcat started on port 8070 (http) with context path '/'
2025-11-30T12:33:47.301+09:00  INFO 14364 --- [auth] [restartedMain] com.example.auth.AuthApplication         : Started AuthApplication in 2.951 seconds (process running for 3.231)
2025-11-30T12:33:57.146+09:00  INFO 14364 --- [auth] [http-nio-8070-exec-1] o.a.c.c.C.[Tomcat].[localhost].[/]       : Initializing Spring DispatcherServlet 'dispatcherServlet'
2025-11-30T12:33:57.147+09:00  INFO 14364 --- [auth] [http-nio-8070-exec-1] o.s.web.servlet.DispatcherServlet        : Initializing Servlet 'dispatcherServlet'
2025-11-30T12:33:57.148+09:00  INFO 14364 --- [auth] [http-nio-8070-exec-1] o.s.web.servlet.DispatcherServlet        : Completed initialization in 1 ms
2025-11-30T12:33:57.156+09:00 DEBUG 14364 --- [auth] [http-nio-8070-exec-1] o.s.security.web.FilterChainProxy        : Securing POST /loginex
2025-11-30T12:33:57.162+09:00 DEBUG 14364 --- [auth] [http-nio-8070-exec-1] o.s.s.w.a.AnonymousAuthenticationFilter  : Set SecurityContextHolder to anonymous SecurityContext
2025-11-30T12:33:57.163+09:00 DEBUG 14364 --- [auth] [http-nio-8070-exec-1] o.s.security.web.FilterChainProxy        : Secured POST /loginex
2025-11-30T12:33:57.796+09:00 DEBUG 14364 --- [auth] [http-nio-8070-exec-1] o.s.s.a.dao.DaoAuthenticationProvider    : Authenticated user
